<?xml version="1.0" encoding="UTF-8"?>
<testng-results ignored="0" total="0" passed="0" failed="0" skipped="0">
  <reporter-output>
  </reporter-output>
  <suite started-at="2026-06-03T01:50:08 IST" name="CrossBrowserSuite" finished-at="2026-06-03T01:50:08 IST" duration-ms="168">
    <groups>
      <group name="cucumber">
        <method signature="AbstractTestNGCucumberTests.runScenario(io.cucumber.testng.PickleWrapper,io.cucumber.testng.FeatureWrapper)[pri:0, instance:stepDefination.TestRunner@4e50c791]" name="runScenario" class="io.cucumber.testng.AbstractTestNGCucumberTests"/>
      </group> <!-- cucumber -->
    </groups>
    <test started-at="2026-06-03T01:50:08 IST" name="ChromeTests" finished-at="2026-06-03T01:50:08 IST" duration-ms="168">
      <class name="stepDefination.TestRunner">
        <test-method is-config="true" signature="setUpClass(org.testng.ITestContext)[pri:0, instance:stepDefination.TestRunner@4e50c791]" started-at="2026-06-03T01:50:08 IST" name="setUpClass" finished-at="2026-06-03T01:50:08 IST" duration-ms="137" status="PASS">
          <params>
            <param index="0">
              <value>
                <![CDATA[org.testng.TestRunner@272ed83b]]>
              </value>
            </param>
          </params>
          <reporter-output>
          </reporter-output>
        </test-method> <!-- setUpClass -->
        <test-method is-config="true" signature="tearDownClass()[pri:0, instance:stepDefination.TestRunner@4e50c791]" started-at="2026-06-03T01:50:08 IST" name="tearDownClass" finished-at="2026-06-03T01:50:08 IST" duration-ms="2" status="PASS">
          <reporter-output>
          </reporter-output>
        </test-method> <!-- tearDownClass -->
      </class> <!-- stepDefination.TestRunner -->
    </test> <!-- ChromeTests -->
  </suite> <!-- CrossBrowserSuite -->
</testng-results>
